<?xml version="1.0" encoding="UTF-8"?>
<testng-results skipped="0" failed="0" ignored="0" total="1" passed="1">
  <reporter-output>
  </reporter-output>
  <suite name="Default suite" duration-ms="65" started-at="2020-02-29T17:40:43 EST" finished-at="2020-02-29T17:40:43 EST">
    <groups>
    </groups>
    <test name="Default test" duration-ms="65" started-at="2020-02-29T17:40:43 EST" finished-at="2020-02-29T17:40:43 EST">
      <class name="com.practice.Testuserdir">
        <test-method status="PASS" signature="test()[pri:0, instance:com.practice.Testuserdir@627551fb]" name="test" duration-ms="14" started-at="2020-02-29T17:40:43 EST" finished-at="2020-02-29T17:40:43 EST">
          <reporter-output>
          </reporter-output>
        </test-method> <!-- test -->
      </class> <!-- com.practice.Testuserdir -->
    </test> <!-- Default test -->
  </suite> <!-- Default suite -->
</testng-results>
